<?xml version="1.0" encoding="UTF-8"?>
<!-- Generated by org.testng.reporters.JUnitXMLReporter -->
<testsuite ignored="0" hostname="Yeswanth" failures="1" tests="1" name="Test" time="98.739" errors="0" timestamp="2020-05-29T23:11:14 IST">
  <testcase classname="TestCases.TestCase1_ValidLoginwithAutoLocation" name="testcase1" time="80.51">
    <failure type="java.lang.AssertionError" message="Checked Page Title Not as Expected  ">
      <![CDATA[java.lang.AssertionError: Checked Page Title Not as Expected  
at Base.MainClass.reportFail(MainClass.java:128)
at Base.MainClass.PageTitle(MainClass.java:118)
at TestCases.TestCase1_ValidLoginwithAutoLocation.testcase1(TestCase1_ValidLoginwithAutoLocation.java:33)
at java.base/java.util.ArrayList.forEach(ArrayList.java:1507)
... Removed 28 stack frames]]>
    </failure>
  </testcase> <!-- testcase1 -->
</testsuite> <!-- Test -->
